1634839183115:hello
1634839213610:help
1634839833482:connect
1634840124391:connect --username j --password p
1634841563359:help
1634841570840:connect --username j --password p
1634842220001:help
1634842541961:connect --
1634842559152:connect --password j --username p
1634842721019:help
1634845254600:directory
1634845278209:directory --person (#2)s
1634845809529:help
1634845844141:directory --person (#2)
1634845868651:connect --password j --username p
1634845871708:directory --person (#2)
1634845993022:connect --password j --username p
1634845994892:directory --person (#2)
1634845996797:directory --person (#2)s
1634846220423:connect --password j --username p
1634846221971:directory --person (#2)s
1634846385382:connect --password j --username p
1634846386964:directory --person (#2)s
1634847268286:directory --person (#5)\\ aa
1634847406549:directory --person (#3)\\ cc
